[0820/004729.444:ERROR:process_memory_win.cc(73)] ReadMemory at 0x7ff795b20000 of 64 bytes failed: Only part of a ReadProcessMemory or WriteProcessMemory request was completed. (0x12B)
[0820/004731.017:WARNING:pe_image_reader.cc(340)] could not read dos header from C:\Program Files (x86)\Google\Chrome\Application\chrome.exe
[0820/004731.017:ERROR:process_memory_win.cc(73)] ReadMemory at 0x7ffc008c0000 of 64 bytes failed: Only part of a ReadProcessMemory or WriteProcessMemory request was completed. (0x12B)
[0820/004731.018:WARNING:pe_image_reader.cc(340)] could not read dos header from C:\WINDOWS\SYSTEM32\ntdll.dll
[0820/004731.018:ERROR:process_memory_win.cc(73)] ReadMemory at 0x7ffbfeb90000 of 64 bytes failed: Only part of a ReadProcessMemory or WriteProcessMemory request was completed. (0x12B)
[0820/004731.218:WARNING:pe_image_reader.cc(340)] could not read dos header from C:\WINDOWS\System32\KERNEL32.DLL
[0820/004731.219:ERROR:process_memory_win.cc(73)] ReadMemory at 0x7ffbfd8b0000 of 64 bytes failed: Only part of a ReadProcessMemory or WriteProcessMemory request was completed. (0x12B)
[0820/004731.219:WARNING:pe_image_reader.cc(340)] could not read dos header from C:\WINDOWS\System32\KERNELBASE.dll
[0820/004731.219:ERROR:process_memory_win.cc(73)] ReadMemory at 0x7ffbce340000 of 64 bytes failed: Only part of a ReadProcessMemory or WriteProcessMemory request was completed. (0x12B)
[0820/004731.219:WARNING:pe_image_reader.cc(340)] could not read dos header from C:\Program Files (x86)\Google\Chrome\Application\76.0.3809.100\chrome_elf.dll
[0820/004731.219:ERROR:process_memory_win.cc(73)] ReadMemory at 0x7ffbf6e60000 of 64 bytes failed: Only part of a ReadProcessMemory or WriteProcessMemory request was completed. (0x12B)
[0820/004731.219:WARNING:pe_image_reader.cc(340)] could not read dos header from C:\WINDOWS\SYSTEM32\VERSION.dll
[0820/004731.219:ERROR:process_memory_win.cc(73)] ReadMemory at 0x7ffc00570000 of 64 bytes failed: Only part of a ReadProcessMemory or WriteProcessMemory request was completed. (0x12B)
[0820/004731.219:WARNING:pe_image_reader.cc(340)] could not read dos header from C:\WINDOWS\System32\msvcrt.dll
[0820/004731.219:ERROR:process_memory_win.cc(73)] ReadMemory at 0x7ffbfcc90000 of 64 bytes failed: Only part of a ReadProcessMemory or WriteProcessMemory request was completed. (0x12B)
[0820/004731.219:WARNING:pe_image_reader.cc(340)] could not read dos header from C:\WINDOWS\System32\bcryptPrimitives.dll
[0820/004731.219:ERROR:process_memory_win.cc(73)] ReadMemory at 0x7ffbfead0000 of 64 bytes failed: Only part of a ReadProcessMemory or WriteProcessMemory request was completed. (0x12B)
[0820/004731.219:WARNING:pe_image_reader.cc(340)] could not read dos header from C:\WINDOWS\System32\ADVAPI32.dll
[0820/004731.219:ERROR:process_memory_win.cc(73)] ReadMemory at 0x7ffbfdd50000 of 64 bytes failed: Only part of a ReadProcessMemory or WriteProcessMemory request was completed. (0x12B)
[0820/004731.219:WARNING:pe_image_reader.cc(340)] could not read dos header from C:\WINDOWS\System32\sechost.dll
[0820/004731.219:ERROR:process_memory_win.cc(73)] ReadMemory at 0x7ffbfe190000 of 64 bytes failed: Only part of a ReadProcessMemory or WriteProcessMemory request was completed. (0x12B)
[0820/004731.220:WARNING:pe_image_reader.cc(340)] could not read dos header from C:\WINDOWS\System32\RPCRT4.dll
[0820/004731.220:ERROR:process_memory_win.cc(73)] ReadMemory at 0x7ffbabb70000 of 64 bytes failed: Only part of a ReadProcessMemory or WriteProcessMemory request was completed. (0x12B)
[0820/004731.220:WARNING:pe_image_reader.cc(340)] could not read dos header from C:\Program Files (x86)\Google\Chrome\Application\76.0.3809.100\chrome_child.dll
[0820/004731.220:ERROR:process_memory_win.cc(73)] ReadMemory at 0x7ffc007c0000 of 64 bytes failed: Only part of a ReadProcessMemory or WriteProcessMemory request was completed. (0x12B)
[0820/004731.220:WARNING:pe_image_reader.cc(340)] could not read dos header from C:\WINDOWS\System32\OLEAUT32.dll
[0820/004731.220:ERROR:process_memory_win.cc(73)] ReadMemory at 0x7ffbfd810000 of 64 bytes failed: Only part of a ReadProcessMemory or WriteProcessMemory request was completed. (0x12B)
[0820/004731.220:WARNING:pe_image_reader.cc(340)] could not read dos header from C:\WINDOWS\System32\msvcp_win.dll
[0820/004731.220:ERROR:process_memory_win.cc(73)] ReadMemory at 0x7ffbfcd10000 of 64 bytes failed: Only part of a ReadProcessMemory or WriteProcessMemory request was completed. (0x12B)
[0820/004731.220:WARNING:pe_image_reader.cc(340)] could not read dos header from C:\WINDOWS\System32\ucrtbase.dll
[0820/004731.220:ERROR:process_memory_win.cc(73)] ReadMemory at 0x7ffbfee00000 of 64 bytes failed: Only part of a ReadProcessMemory or WriteProcessMemory request was completed. (0x12B)
[0820/004731.220:WARNING:pe_image_reader.cc(340)] could not read dos header from C:\WINDOWS\System32\combase.dll
[0820/004731.220:ERROR:process_memory_win.cc(73)] ReadMemory at 0x7ffbfe3e0000 of 64 bytes failed: Only part of a ReadProcessMemory or WriteProcessMemory request was completed. (0x12B)
[0820/004731.220:WARNING:pe_image_reader.cc(340)] could not read dos header from C:\WINDOWS\System32\WS2_32.dll
[0820/004731.220:ERROR:process_memory_win.cc(73)] ReadMemory at 0x7ffbfedb0000 of 64 bytes failed: Only part of a ReadProcessMemory or WriteProcessMemory request was completed. (0x12B)
[0820/004731.220:WARNING:pe_image_reader.cc(340)] could not read dos header from C:\WINDOWS\System32\GDI32.dll
[0820/004731.220:ERROR:process_memory_win.cc(73)] ReadMemory at 0x7ffbfdb90000 of 64 bytes failed: Only part of a ReadProcessMemory or WriteProcessMemory request was completed. (0x12B)
[0820/004731.220:WARNING:pe_image_reader.cc(340)] could not read dos header from C:\WINDOWS\System32\gdi32full.dll
[0820/004731.220:ERROR:process_memory_win.cc(73)] ReadMemory at 0x7ffbfe000000 of 64 bytes failed: Only part of a ReadProcessMemory or WriteProcessMemory request was completed. (0x12B)
[0820/004731.220:WARNING:pe_image_reader.cc(340)] could not read dos header from C:\WINDOWS\System32\USER32.dll
[0820/004731.220:ERROR:process_memory_win.cc(73)] ReadMemory at 0x7ffbfdd30000 of 64 bytes failed: Only part of a ReadProcessMemory or WriteProcessMemory request was completed. (0x12B)
[0820/004731.220:WARNING:pe_image_reader.cc(340)] could not read dos header from C:\WINDOWS\System32\win32u.dll
[0820/004731.221:ERROR:process_memory_win.cc(73)] ReadMemory at 0x7ffbfdb30000 of 64 bytes failed: Only part of a ReadProcessMemory or WriteProcessMemory request was completed. (0x12B)
[0820/004731.221:WARNING:pe_image_reader.cc(340)] could not read dos header from C:\WINDOWS\System32\WINTRUST.dll
[0820/004731.221:ERROR:process_memory_win.cc(73)] ReadMemory at 0x7ffbfcc30000 of 64 bytes failed: Only part of a ReadProcessMemory or WriteProcessMemory request was completed. (0x12B)
[0820/004731.221:WARNING:pe_image_reader.cc(340)] could not read dos header from C:\WINDOWS\System32\MSASN1.dll
[0820/004731.221:ERROR:process_memory_win.cc(73)] ReadMemory at 0x7ffbfce10000 of 64 bytes failed: Only part of a ReadProcessMemory or WriteProcessMemory request was completed. (0x12B)
[0820/004731.221:WARNING:pe_image_reader.cc(340)] could not read dos header from C:\WINDOWS\System32\CRYPT32.dll
[0820/004731.221:ERROR:process_memory_win.cc(73)] ReadMemory at 0x7ffbfc1e0000 of 64 bytes failed: Only part of a ReadProcessMemory or WriteProcessMemory request was completed. (0x12B)
[0820/004731.221:WARNING:pe_image_reader.cc(340)] could not read dos header from C:\WINDOWS\SYSTEM32\IPHLPAPI.DLL
[0820/004731.221:ERROR:process_memory_win.cc(73)] ReadMemory at 0x7ffbf7910000 of 64 bytes failed: Only part of a ReadProcessMemory or WriteProcessMemory request was completed. (0x12B)
[0820/004731.221:WARNING:pe_image_reader.cc(340)] could not read dos header from C:\WINDOWS\SYSTEM32\WINMM.dll
[0820/004731.221:ERROR:process_memory_win.cc(73)] ReadMemory at 0x7ffbfcad0000 of 64 bytes failed: Only part of a ReadProcessMemory or WriteProcessMemory request was completed. (0x12B)
[0820/004731.221:WARNING:pe_image_reader.cc(340)] could not read dos header from C:\WINDOWS\SYSTEM32\USERENV.dll
[0820/004731.221:ERROR:process_memory_win.cc(73)] ReadMemory at 0x7ffbfcc70000 of 64 bytes failed: Only part of a ReadProcessMemory or WriteProcessMemory request was completed. (0x12B)
[0820/004731.221:WARNING:pe_image_reader.cc(340)] could not read dos header from C:\WINDOWS\System32\profapi.dll
[0820/004731.221:ERROR:process_memory_win.cc(73)] ReadMemory at 0x7ffbf7ba0000 of 64 bytes failed: Only part of a ReadProcessMemory or WriteProcessMemory request was completed. (0x12B)
[0820/004731.221:WARNING:pe_image_reader.cc(340)] could not read dos header from C:\WINDOWS\SYSTEM32\DWrite.dll
[0820/004731.221:ERROR:process_memory_win.cc(73)] ReadMemory at 0x7ffbf6ce0000 of 64 bytes failed: Only part of a ReadProcessMemory or WriteProcessMemory request was completed. (0x12B)
[0820/004731.221:WARNING:pe_image_reader.cc(340)] could not read dos header from C:\WINDOWS\SYSTEM32\WINSPOOL.DRV
[0820/004731.221:ERROR:process_memory_win.cc(73)] ReadMemory at 0x7ffbfcc50000 of 64 bytes failed: Only part of a ReadProcessMemory or WriteProcessMemory request was completed. (0x12B)
[0820/004731.221:WARNING:pe_image_reader.cc(340)] could not read dos header from C:\WINDOWS\System32\kernel.appcore.dll
[0820/004731.221:ERROR:process_memory_win.cc(73)] ReadMemory at 0x7ffbf1630000 of 64 bytes failed: Only part of a ReadProcessMemory or WriteProcessMemory request was completed. (0x12B)
[0820/004731.221:WARNING:pe_image_reader.cc(340)] could not read dos header from C:\WINDOWS\SYSTEM32\dbghelp.dll
[0820/004731.221:ERROR:process_memory_win.cc(73)] ReadMemory at 0x7ffbf5120000 of 64 bytes failed: Only part of a ReadProcessMemory or WriteProcessMemory request was completed. (0x12B)
[0820/004731.221:WARNING:pe_image_reader.cc(340)] could not read dos header from C:\WINDOWS\SYSTEM32\WINHTTP.dll
[0820/004731.221:ERROR:process_memory_win.cc(73)] ReadMemory at 0x7ffbf1b90000 of 64 bytes failed: Only part of a ReadProcessMemory or WriteProcessMemory request was completed. (0x12B)
[0820/004731.222:WARNING:pe_image_reader.cc(340)] could not read dos header from C:\WINDOWS\SYSTEM32\Secur32.dll
[0820/004731.222:ERROR:process_memory_win.cc(73)] ReadMemory at 0x7ffbf49f0000 of 64 bytes failed: Only part of a ReadProcessMemory or WriteProcessMemory request was completed. (0x12B)
[0820/004731.222:WARNING:pe_image_reader.cc(340)] could not read dos header from C:\WINDOWS\SYSTEM32\dhcpcsvc.DLL
[0820/004731.222:ERROR:process_memory_win.cc(73)] ReadMemory at 0x7ffc00610000 of 64 bytes failed: Only part of a ReadProcessMemory or WriteProcessMemory request was completed. (0x12B)
[0820/004731.222:WARNING:pe_image_reader.cc(340)] could not read dos header from C:\WINDOWS\System32\NSI.dll
[0820/004731.222:ERROR:process_memory_win.cc(73)] ReadMemory at 0x7ffbf78b0000 of 64 bytes failed: Only part of a ReadProcessMemory or WriteProcessMemory request was completed. (0x12B)
[0820/004731.222:WARNING:pe_image_reader.cc(340)] could not read dos header from C:\WINDOWS\SYSTEM32\WINMMBASE.dll
[0820/004731.222:ERROR:process_memory_win.cc(73)] ReadMemory at 0x7ffbfd000000 of 64 bytes failed: Only part of a ReadProcessMemory or WriteProcessMemory request was completed. (0x12B)
[0820/004731.222:WARNING:pe_image_reader.cc(340)] could not read dos header from C:\WINDOWS\System32\cfgmgr32.dll
[0820/004731.222:ERROR:process_memory_win.cc(73)] ReadMemory at 0x7ffbf93b0000 of 64 bytes failed: Only part of a ReadProcessMemory or WriteProcessMemory request was completed. (0x12B)
[0820/004731.222:WARNING:pe_image_reader.cc(340)] could not read dos header from C:\WINDOWS\SYSTEM32\PROPSYS.dll
[0820/004731.222:ERROR:process_memory_win.cc(73)] ReadMemory at 0x7ffbfe8a0000 of 64 bytes failed: Only part of a ReadProcessMemory or WriteProcessMemory request was completed. (0x12B)
[0820/004731.222:WARNING:pe_image_reader.cc(340)] could not read dos header from C:\WINDOWS\System32\shcore.dll
[0820/004731.222:ERROR:process_memory_win.cc(73)] ReadMemory at 0x7ffbfc730000 of 64 bytes failed: Only part of a ReadProcessMemory or WriteProcessMemory request was completed. (0x12B)
[0820/004731.222:WARNING:pe_image_reader.cc(340)] could not read dos header from C:\WINDOWS\SYSTEM32\bcrypt.dll
[0820/004731.222:ERROR:process_memory_win.cc(73)] ReadMemory at 0x7ffbfcb00000 of 64 bytes failed: Only part of a ReadProcessMemory or WriteProcessMemory request was completed. (0x12B)
[0820/004731.222:WARNING:pe_image_reader.cc(340)] could not read dos header from C:\WINDOWS\SYSTEM32\SSPICLI.DLL
[0820/004731.222:ERROR:process_memory_win.cc(73)] ReadMemory at 0x1d5b05c0000 of 64 bytes failed: Only part of a ReadProcessMemory or WriteProcessMemory request was completed. (0x12B)
[0820/004731.222:WARNING:pe_image_reader.cc(340)] could not read dos header from C:\WINDOWS\System32\IMM32.DLL
[0820/004731.222:ERROR:process_memory_win.cc(73)] ReadMemory at 0x7ffbfc620000 of 64 bytes failed: Only part of a ReadProcessMemory or WriteProcessMemory request was completed. (0x12B)
[0820/004731.223:WARNING:pe_image_reader.cc(340)] could not read dos header from C:\WINDOWS\SYSTEM32\CRYPTBASE.DLL
[0820/004731.223:ERROR:process_memory_win.cc(73)] ReadMemory at 0x7ff795b20000 of 64 bytes failed: Only part of a ReadProcessMemory or WriteProcessMemory request was completed. (0x12B)
[0820/004731.223:WARNING:pe_image_reader.cc(340)] could not read dos header from C:\Program Files (x86)\Google\Chrome\Application\chrome.exe
[0820/004731.223:ERROR:process_memory_win.cc(73)] ReadMemory at 0x7ffc008c0000 of 64 bytes failed: Only part of a ReadProcessMemory or WriteProcessMemory request was completed. (0x12B)
[0820/004731.223:WARNING:pe_image_reader.cc(340)] could not read dos header from C:\WINDOWS\SYSTEM32\ntdll.dll
[0820/004731.223:ERROR:process_memory_win.cc(73)] ReadMemory at 0x7ffbfeb90000 of 64 bytes failed: Only part of a ReadProcessMemory or WriteProcessMemory request was completed. (0x12B)
[0820/004731.223:WARNING:pe_image_reader.cc(340)] could not read dos header from C:\WINDOWS\System32\KERNEL32.DLL
[0820/004731.223:ERROR:process_memory_win.cc(73)] ReadMemory at 0x7ffbfd8b0000 of 64 bytes failed: Only part of a ReadProcessMemory or WriteProcessMemory request was completed. (0x12B)
[0820/004731.223:WARNING:pe_image_reader.cc(340)] could not read dos header from C:\WINDOWS\System32\KERNELBASE.dll
[0820/004731.223:ERROR:process_memory_win.cc(73)] ReadMemory at 0x7ffbce340000 of 64 bytes failed: Only part of a ReadProcessMemory or WriteProcessMemory request was completed. (0x12B)
[0820/004731.223:WARNING:pe_image_reader.cc(340)] could not read dos header from C:\Program Files (x86)\Google\Chrome\Application\76.0.3809.100\chrome_elf.dll
[0820/004731.223:ERROR:process_memory_win.cc(73)] ReadMemory at 0x7ffbf6e60000 of 64 bytes failed: Only part of a ReadProcessMemory or WriteProcessMemory request was completed. (0x12B)
[0820/004731.223:WARNING:pe_image_reader.cc(340)] could not read dos header from C:\WINDOWS\SYSTEM32\VERSION.dll
[0820/004731.223:ERROR:process_memory_win.cc(73)] ReadMemory at 0x7ffc00570000 of 64 bytes failed: Only part of a ReadProcessMemory or WriteProcessMemory request was completed. (0x12B)
[0820/004731.223:WARNING:pe_image_reader.cc(340)] could not read dos header from C:\WINDOWS\System32\msvcrt.dll
[0820/004731.223:ERROR:process_memory_win.cc(73)] ReadMemory at 0x7ffbfcc90000 of 64 bytes failed: Only part of a ReadProcessMemory or WriteProcessMemory request was completed. (0x12B)
[0820/004731.223:WARNING:pe_image_reader.cc(340)] could not read dos header from C:\WINDOWS\System32\bcryptPrimitives.dll
[0820/004731.223:ERROR:process_memory_win.cc(73)] ReadMemory at 0x7ffbfead0000 of 64 bytes failed: Only part of a ReadProcessMemory or WriteProcessMemory request was completed. (0x12B)
[0820/004731.223:WARNING:pe_image_reader.cc(340)] could not read dos header from C:\WINDOWS\System32\ADVAPI32.dll
[0820/004731.223:ERROR:process_memory_win.cc(73)] ReadMemory at 0x7ffbfdd50000 of 64 bytes failed: Only part of a ReadProcessMemory or WriteProcessMemory request was completed. (0x12B)
[0820/004731.223:WARNING:pe_image_reader.cc(340)] could not read dos header from C:\WINDOWS\System32\sechost.dll
[0820/004731.223:ERROR:process_memory_win.cc(73)] ReadMemory at 0x7ffbfe190000 of 64 bytes failed: Only part of a ReadProcessMemory or WriteProcessMemory request was completed. (0x12B)
[0820/004731.223:WARNING:pe_image_reader.cc(340)] could not read dos header from C:\WINDOWS\System32\RPCRT4.dll
[0820/004731.224:ERROR:process_memory_win.cc(73)] ReadMemory at 0x7ffbabb70000 of 64 bytes failed: Only part of a ReadProcessMemory or WriteProcessMemory request was completed. (0x12B)
[0820/004731.224:WARNING:pe_image_reader.cc(340)] could not read dos header from C:\Program Files (x86)\Google\Chrome\Application\76.0.3809.100\chrome_child.dll
[0820/004731.224:ERROR:process_memory_win.cc(73)] ReadMemory at 0x7ffc007c0000 of 64 bytes failed: Only part of a ReadProcessMemory or WriteProcessMemory request was completed. (0x12B)
[0820/004731.224:WARNING:pe_image_reader.cc(340)] could not read dos header from C:\WINDOWS\System32\OLEAUT32.dll
[0820/004731.224:ERROR:process_memory_win.cc(73)] ReadMemory at 0x7ffbfd810000 of 64 bytes failed: Only part of a ReadProcessMemory or WriteProcessMemory request was completed. (0x12B)
[0820/004731.224:WARNING:pe_image_reader.cc(340)] could not read dos header from C:\WINDOWS\System32\msvcp_win.dll
[0820/004731.224:ERROR:process_memory_win.cc(73)] ReadMemory at 0x7ffbfcd10000 of 64 bytes failed: Only part of a ReadProcessMemory or WriteProcessMemory request was completed. (0x12B)
[0820/004731.224:WARNING:pe_image_reader.cc(340)] could not read dos header from C:\WINDOWS\System32\ucrtbase.dll
[0820/004731.224:ERROR:process_memory_win.cc(73)] ReadMemory at 0x7ffbfee00000 of 64 bytes failed: Only part of a ReadProcessMemory or WriteProcessMemory request was completed. (0x12B)
[0820/004731.224:WARNING:pe_image_reader.cc(340)] could not read dos header from C:\WINDOWS\System32\combase.dll
[0820/004731.224:ERROR:process_memory_win.cc(73)] ReadMemory at 0x7ffbfe3e0000 of 64 bytes failed: Only part of a ReadProcessMemory or WriteProcessMemory request was completed. (0x12B)
[0820/004731.224:WARNING:pe_image_reader.cc(340)] could not read dos header from C:\WINDOWS\System32\WS2_32.dll
[0820/004731.224:ERROR:process_memory_win.cc(73)] ReadMemory at 0x7ffbfedb0000 of 64 bytes failed: Only part of a ReadProcessMemory or WriteProcessMemory request was completed. (0x12B)
[0820/004731.224:WARNING:pe_image_reader.cc(340)] could not read dos header from C:\WINDOWS\System32\GDI32.dll
[0820/004731.224:ERROR:process_memory_win.cc(73)] ReadMemory at 0x7ffbfdb90000 of 64 bytes failed: Only part of a ReadProcessMemory or WriteProcessMemory request was completed. (0x12B)
[0820/004731.224:WARNING:pe_image_reader.cc(340)] could not read dos header from C:\WINDOWS\System32\gdi32full.dll
[0820/004731.224:ERROR:process_memory_win.cc(73)] ReadMemory at 0x7ffbfe000000 of 64 bytes failed: Only part of a ReadProcessMemory or WriteProcessMemory request was completed. (0x12B)
[0820/004731.224:WARNING:pe_image_reader.cc(340)] could not read dos header from C:\WINDOWS\System32\USER32.dll
[0820/004731.224:ERROR:process_memory_win.cc(73)] ReadMemory at 0x7ffbfdd30000 of 64 bytes failed: Only part of a ReadProcessMemory or WriteProcessMemory request was completed. (0x12B)
[0820/004731.224:WARNING:pe_image_reader.cc(340)] could not read dos header from C:\WINDOWS\System32\win32u.dll
[0820/004731.225:ERROR:process_memory_win.cc(73)] ReadMemory at 0x7ffbfdb30000 of 64 bytes failed: Only part of a ReadProcessMemory or WriteProcessMemory request was completed. (0x12B)
[0820/004731.225:WARNING:pe_image_reader.cc(340)] could not read dos header from C:\WINDOWS\System32\WINTRUST.dll
[0820/004731.225:ERROR:process_memory_win.cc(73)] ReadMemory at 0x7ffbfcc30000 of 64 bytes failed: Only part of a ReadProcessMemory or WriteProcessMemory request was completed. (0x12B)
[0820/004731.225:WARNING:pe_image_reader.cc(340)] could not read dos header from C:\WINDOWS\System32\MSASN1.dll
[0820/004731.225:ERROR:process_memory_win.cc(73)] ReadMemory at 0x7ffbfce10000 of 64 bytes failed: Only part of a ReadProcessMemory or WriteProcessMemory request was completed. (0x12B)
[0820/004731.225:WARNING:pe_image_reader.cc(340)] could not read dos header from C:\WINDOWS\System32\CRYPT32.dll
[0820/004731.225:ERROR:process_memory_win.cc(73)] ReadMemory at 0x7ffbfc1e0000 of 64 bytes failed: Only part of a ReadProcessMemory or WriteProcessMemory request was completed. (0x12B)
[0820/004731.225:WARNING:pe_image_reader.cc(340)] could not read dos header from C:\WINDOWS\SYSTEM32\IPHLPAPI.DLL
[0820/004731.225:ERROR:process_memory_win.cc(73)] ReadMemory at 0x7ffbf7910000 of 64 bytes failed: Only part of a ReadProcessMemory or WriteProcessMemory request was completed. (0x12B)
[0820/004731.225:WARNING:pe_image_reader.cc(340)] could not read dos header from C:\WINDOWS\SYSTEM32\WINMM.dll
[0820/004731.225:ERROR:process_memory_win.cc(73)] ReadMemory at 0x7ffbfcad0000 of 64 bytes failed: Only part of a ReadProcessMemory or WriteProcessMemory request was completed. (0x12B)
[0820/004731.226:WARNING:pe_image_reader.cc(340)] could not read dos header from C:\WINDOWS\SYSTEM32\USERENV.dll
[0820/004731.226:ERROR:process_memory_win.cc(73)] ReadMemory at 0x7ffbfcc70000 of 64 bytes failed: Only part of a ReadProcessMemory or WriteProcessMemory request was completed. (0x12B)
[0820/004731.226:WARNING:pe_image_reader.cc(340)] could not read dos header from C:\WINDOWS\System32\profapi.dll
[0820/004731.226:ERROR:process_memory_win.cc(73)] ReadMemory at 0x7ffbf7ba0000 of 64 bytes failed: Only part of a ReadProcessMemory or WriteProcessMemory request was completed. (0x12B)
[0820/004731.226:WARNING:pe_image_reader.cc(340)] could not read dos header from C:\WINDOWS\SYSTEM32\DWrite.dll
[0820/004731.226:ERROR:process_memory_win.cc(73)] ReadMemory at 0x7ffbf6ce0000 of 64 bytes failed: Only part of a ReadProcessMemory or WriteProcessMemory request was completed. (0x12B)
[0820/004731.226:WARNING:pe_image_reader.cc(340)] could not read dos header from C:\WINDOWS\SYSTEM32\WINSPOOL.DRV
[0820/004731.226:ERROR:process_memory_win.cc(73)] ReadMemory at 0x7ffbfcc50000 of 64 bytes failed: Only part of a ReadProcessMemory or WriteProcessMemory request was completed. (0x12B)
[0820/004731.226:WARNING:pe_image_reader.cc(340)] could not read dos header from C:\WINDOWS\System32\kernel.appcore.dll
[0820/004731.226:ERROR:process_memory_win.cc(73)] ReadMemory at 0x7ffbf1630000 of 64 bytes failed: Only part of a ReadProcessMemory or WriteProcessMemory request was completed. (0x12B)
[0820/004731.226:WARNING:pe_image_reader.cc(340)] could not read dos header from C:\WINDOWS\SYSTEM32\dbghelp.dll
[0820/004731.226:ERROR:process_memory_win.cc(73)] ReadMemory at 0x7ffbf5120000 of 64 bytes failed: Only part of a ReadProcessMemory or WriteProcessMemory request was completed. (0x12B)
[0820/004731.226:WARNING:pe_image_reader.cc(340)] could not read dos header from C:\WINDOWS\SYSTEM32\WINHTTP.dll
[0820/004731.226:ERROR:process_memory_win.cc(73)] ReadMemory at 0x7ffbf1b90000 of 64 bytes failed: Only part of a ReadProcessMemory or WriteProcessMemory request was completed. (0x12B)
[0820/004731.226:WARNING:pe_image_reader.cc(340)] could not read dos header from C:\WINDOWS\SYSTEM32\Secur32.dll
[0820/004731.226:ERROR:process_memory_win.cc(73)] ReadMemory at 0x7ffbf49f0000 of 64 bytes failed: Only part of a ReadProcessMemory or WriteProcessMemory request was completed. (0x12B)
[0820/004731.226:WARNING:pe_image_reader.cc(340)] could not read dos header from C:\WINDOWS\SYSTEM32\dhcpcsvc.DLL
[0820/004731.226:ERROR:process_memory_win.cc(73)] ReadMemory at 0x7ffc00610000 of 64 bytes failed: Only part of a ReadProcessMemory or WriteProcessMemory request was completed. (0x12B)
[0820/004731.226:WARNING:pe_image_reader.cc(340)] could not read dos header from C:\WINDOWS\System32\NSI.dll
[0820/004731.226:ERROR:process_memory_win.cc(73)] ReadMemory at 0x7ffbf78b0000 of 64 bytes failed: Only part of a ReadProcessMemory or WriteProcessMemory request was completed. (0x12B)
[0820/004731.226:WARNING:pe_image_reader.cc(340)] could not read dos header from C:\WINDOWS\SYSTEM32\WINMMBASE.dll
[0820/004731.226:ERROR:process_memory_win.cc(73)] ReadMemory at 0x7ffbfd000000 of 64 bytes failed: Only part of a ReadProcessMemory or WriteProcessMemory request was completed. (0x12B)
[0820/004731.226:WARNING:pe_image_reader.cc(340)] could not read dos header from C:\WINDOWS\System32\cfgmgr32.dll
[0820/004731.226:ERROR:process_memory_win.cc(73)] ReadMemory at 0x7ffbf93b0000 of 64 bytes failed: Only part of a ReadProcessMemory or WriteProcessMemory request was completed. (0x12B)
[0820/004731.226:WARNING:pe_image_reader.cc(340)] could not read dos header from C:\WINDOWS\SYSTEM32\PROPSYS.dll
[0820/004731.226:ERROR:process_memory_win.cc(73)] ReadMemory at 0x7ffbfe8a0000 of 64 bytes failed: Only part of a ReadProcessMemory or WriteProcessMemory request was completed. (0x12B)
[0820/004731.227:WARNING:pe_image_reader.cc(340)] could not read dos header from C:\WINDOWS\System32\shcore.dll
[0820/004731.227:ERROR:process_memory_win.cc(73)] ReadMemory at 0x7ffbfc730000 of 64 bytes failed: Only part of a ReadProcessMemory or WriteProcessMemory request was completed. (0x12B)
[0820/004731.227:WARNING:pe_image_reader.cc(340)] could not read dos header from C:\WINDOWS\SYSTEM32\bcrypt.dll
[0820/004731.227:ERROR:process_memory_win.cc(73)] ReadMemory at 0x7ffbfcb00000 of 64 bytes failed: Only part of a ReadProcessMemory or WriteProcessMemory request was completed. (0x12B)
[0820/004731.227:WARNING:pe_image_reader.cc(340)] could not read dos header from C:\WINDOWS\SYSTEM32\SSPICLI.DLL
[0820/004731.227:ERROR:process_memory_win.cc(73)] ReadMemory at 0x1d5b05c0000 of 64 bytes failed: Only part of a ReadProcessMemory or WriteProcessMemory request was completed. (0x12B)
[0820/004731.227:WARNING:pe_image_reader.cc(340)] could not read dos header from C:\WINDOWS\System32\IMM32.DLL
[0820/004731.227:ERROR:process_memory_win.cc(73)] ReadMemory at 0x7ffbfc620000 of 64 bytes failed: Only part of a ReadProcessMemory or WriteProcessMemory request was completed. (0x12B)
[0820/004731.227:WARNING:pe_image_reader.cc(340)] could not read dos header from C:\WINDOWS\SYSTEM32\CRYPTBASE.DLL
[0820/004731.596:ERROR:process_memory_win.cc(73)] ReadMemory at 0x8ee4fed000 of 77824 bytes failed: Only part of a ReadProcessMemory or WriteProcessMemory request was completed. (0x12B)
[0820/004731.596:ERROR:process_memory_win.cc(73)] ReadMemory at 0x8ee51ff000 of 4096 bytes failed: Only part of a ReadProcessMemory or WriteProcessMemory request was completed. (0x12B)
[0820/004731.596:ERROR:process_memory_win.cc(73)] ReadMemory at 0x8ee53fd000 of 12288 bytes failed: Only part of a ReadProcessMemory or WriteProcessMemory request was completed. (0x12B)
[0820/004731.596:ERROR:process_memory_win.cc(73)] ReadMemory at 0x8ee55f8000 of 32768 bytes failed: Only part of a ReadProcessMemory or WriteProcessMemory request was completed. (0x12B)
[0820/004731.597:ERROR:process_memory_win.cc(73)] ReadMemory at 0x8ee57fc000 of 16384 bytes failed: Only part of a ReadProcessMemory or WriteProcessMemory request was completed. (0x12B)
[0820/004731.597:ERROR:process_memory_win.cc(73)] ReadMemory at 0x8ee59fc000 of 16384 bytes failed: Only part of a ReadProcessMemory or WriteProcessMemory request was completed. (0x12B)
[0820/004731.597:ERROR:process_memory_win.cc(73)] ReadMemory at 0x8ee5bfe000 of 8192 bytes failed: Only part of a ReadProcessMemory or WriteProcessMemory request was completed. (0x12B)
[0820/004731.597:ERROR:process_memory_win.cc(73)] ReadMemory at 0x8ee5dfd000 of 12288 bytes failed: Only part of a ReadProcessMemory or WriteProcessMemory request was completed. (0x12B)
[0820/004731.597:ERROR:process_memory_win.cc(73)] ReadMemory at 0x8ee5ffb000 of 20480 bytes failed: Only part of a ReadProcessMemory or WriteProcessMemory request was completed. (0x12B)
[0820/004731.597:ERROR:process_memory_win.cc(73)] ReadMemory at 0x8ee63f7000 of 36864 bytes failed: Only part of a ReadProcessMemory or WriteProcessMemory request was completed. (0x12B)
[0820/004731.598:ERROR:process_memory_win.cc(73)] ReadMemory at 0x8ee65f7000 of 36864 bytes failed: Only part of a ReadProcessMemory or WriteProcessMemory request was completed. (0x12B)
[0820/004731.598:ERROR:process_memory_win.cc(73)] ReadMemory at 0x8ee67fc000 of 16384 bytes failed: Only part of a ReadProcessMemory or WriteProcessMemory request was completed. (0x12B)
[0820/004731.598:ERROR:process_memory_win.cc(73)] ReadMemory at 0x8ee69f5000 of 45056 bytes failed: Only part of a ReadProcessMemory or WriteProcessMemory request was completed. (0x12B)
[0820/004731.598:ERROR:process_memory_win.cc(73)] ReadMemory at 0x8ee6bf9000 of 28672 bytes failed: Only part of a ReadProcessMemory or WriteProcessMemory request was completed. (0x12B)
[0820/004731.598:ERROR:process_memory_win.cc(73)] ReadMemory at 0x8ee6dfd000 of 12288 bytes failed: Only part of a ReadProcessMemory or WriteProcessMemory request was completed. (0x12B)
[0820/004731.599:ERROR:process_memory_win.cc(73)] ReadMemory at 0x8ee6ff5000 of 45056 bytes failed: Only part of a ReadProcessMemory or WriteProcessMemory request was completed. (0x12B)
[0820/004731.599:ERROR:process_memory_win.cc(73)] ReadMemory at 0x8ee61fe000 of 8192 bytes failed: Only part of a ReadProcessMemory or WriteProcessMemory request was completed. (0x12B)
[0820/004731.599:ERROR:process_memory_win.cc(73)] ReadMemory at 0x8ee4d63000 of 852 bytes failed: Only part of a ReadProcessMemory or WriteProcessMemory request was completed. (0x12B)
[0820/004731.599:ERROR:process_memory_win.cc(73)] ReadMemory at 0x8ee4d64000 of 6024 bytes failed: Only part of a ReadProcessMemory or WriteProcessMemory request was completed. (0x12B)
[0820/004731.599:ERROR:process_memory_win.cc(73)] ReadMemory at 0x8ee4d66000 of 6024 bytes failed: Only part of a ReadProcessMemory or WriteProcessMemory request was completed. (0x12B)
[0820/004731.599:ERROR:process_memory_win.cc(73)] ReadMemory at 0x8ee4d68000 of 6024 bytes failed: Only part of a ReadProcessMemory or WriteProcessMemory request was completed. (0x12B)
[0820/004731.599:ERROR:process_memory_win.cc(73)] ReadMemory at 0x8ee4d6a000 of 6024 bytes failed: Only part of a ReadProcessMemory or WriteProcessMemory request was completed. (0x12B)
[0820/004731.600:ERROR:process_memory_win.cc(73)] ReadMemory at 0x8ee4d6c000 of 6024 bytes failed: Only part of a ReadProcessMemory or WriteProcessMemory request was completed. (0x12B)
[0820/004731.600:ERROR:process_memory_win.cc(73)] ReadMemory at 0x8ee4d6e000 of 6024 bytes failed: Only part of a ReadProcessMemory or WriteProcessMemory request was completed. (0x12B)
[0820/004731.600:ERROR:process_memory_win.cc(73)] ReadMemory at 0x8ee4d70000 of 6024 bytes failed: Only part of a ReadProcessMemory or WriteProcessMemory request was completed. (0x12B)
[0820/004731.600:ERROR:process_memory_win.cc(73)] ReadMemory at 0x8ee4d72000 of 6024 bytes failed: Only part of a ReadProcessMemory or WriteProcessMemory request was completed. (0x12B)
[0820/004731.600:ERROR:process_memory_win.cc(73)] ReadMemory at 0x8ee4d74000 of 6024 bytes failed: Only part of a ReadProcessMemory or WriteProcessMemory request was completed. (0x12B)
[0820/004731.600:ERROR:process_memory_win.cc(73)] ReadMemory at 0x8ee4d78000 of 6024 bytes failed: Only part of a ReadProcessMemory or WriteProcessMemory request was completed. (0x12B)
[0820/004731.600:ERROR:process_memory_win.cc(73)] ReadMemory at 0x8ee4d7a000 of 6024 bytes failed: Only part of a ReadProcessMemory or WriteProcessMemory request was completed. (0x12B)
[0820/004731.601:ERROR:process_memory_win.cc(73)] ReadMemory at 0x8ee4d7c000 of 6024 bytes failed: Only part of a ReadProcessMemory or WriteProcessMemory request was completed. (0x12B)
[0820/004731.601:ERROR:process_memory_win.cc(73)] ReadMemory at 0x8ee4d7e000 of 6024 bytes failed: Only part of a ReadProcessMemory or WriteProcessMemory request was completed. (0x12B)
[0820/004731.601:ERROR:process_memory_win.cc(73)] ReadMemory at 0x8ee4d80000 of 6024 bytes failed: Only part of a ReadProcessMemory or WriteProcessMemory request was completed. (0x12B)
[0820/004731.602:ERROR:process_memory_win.cc(73)] ReadMemory at 0x8ee4d82000 of 6024 bytes failed: Only part of a ReadProcessMemory or WriteProcessMemory request was completed. (0x12B)
[0820/004731.602:ERROR:process_memory_win.cc(73)] ReadMemory at 0x8ee4d86000 of 6024 bytes failed: Only part of a ReadProcessMemory or WriteProcessMemory request was completed. (0x12B)
[0820/004731.602:ERROR:process_memory_win.cc(73)] ReadMemory at 0x8ee4d8c000 of 6024 bytes failed: Only part of a ReadProcessMemory or WriteProcessMemory request was completed. (0x12B)
[0820/004731.602:ERROR:process_memory_win.cc(73)] ReadMemory at 0x1d5b04a08d0 of 992 bytes failed: Only part of a ReadProcessMemory or WriteProcessMemory request was completed. (0x12B)
[0820/004731.602:ERROR:process_memory_win.cc(73)] ReadMemory at 0x1d5b04a0fc0 of 13022 bytes failed: Only part of a ReadProcessMemory or WriteProcessMemory request was completed. (0x12B)
[0820/004731.603:ERROR:process_memory_win.cc(73)] ReadMemory at 0x1d5b04a42b0 of 1012 bytes failed: Only part of a ReadProcessMemory or WriteProcessMemory request was completed. (0x12B)
[0820/004731.603:ERROR:process_memory_win.cc(73)] ReadMemory at 0x1d5b04a48c8 of 118 bytes failed: Only part of a ReadProcessMemory or WriteProcessMemory request was completed. (0x12B)
[0820/004731.603:ERROR:process_memory_win.cc(73)] ReadMemory at 0x1d5b04a4940 of 860 bytes failed: Only part of a ReadProcessMemory or WriteProcessMemory request was completed. (0x12B)
[0820/004731.603:ERROR:process_memory_win.cc(73)] ReadMemory at 0x1d5b04a4c9e of 118 bytes failed: Only part of a ReadProcessMemory or WriteProcessMemory request was completed. (0x12B)
[0820/004731.603:ERROR:process_memory_win.cc(73)] ReadMemory at 0x1d5b04a4d16 of 98 bytes failed: Only part of a ReadProcessMemory or WriteProcessMemory request was completed. (0x12B)
[0820/004731.603:ERROR:process_memory_win.cc(73)] ReadMemory at 0x1d5b04a4d90 of 58 bytes failed: Only part of a ReadProcessMemory or WriteProcessMemory request was completed. (0x12B)
[0820/004731.603:ERROR:process_memory_win.cc(73)] ReadMemory at 0x1d5b04a4e90 of 132 bytes failed: Only part of a ReadProcessMemory or WriteProcessMemory request was completed. (0x12B)
[0820/004731.603:ERROR:process_memory_win.cc(73)] ReadMemory at 0x1d5b04a5020 of 132 bytes failed: Only part of a ReadProcessMemory or WriteProcessMemory request was completed. (0x12B)
[0820/004731.603:ERROR:process_memory_win.cc(73)] ReadMemory at 0x1d5b04a51e0 of 126 bytes failed: Only part of a ReadProcessMemory or WriteProcessMemory request was completed. (0x12B)
[0820/004731.603:ERROR:process_memory_win.cc(73)] ReadMemory at 0x1d5b04a55c0 of 132 bytes failed: Only part of a ReadProcessMemory or WriteProcessMemory request was completed. (0x12B)
[0820/004731.603:ERROR:process_memory_win.cc(73)] ReadMemory at 0x1d5b04a5750 of 64 bytes failed: Only part of a ReadProcessMemory or WriteProcessMemory request was completed. (0x12B)
[0820/004731.603:ERROR:process_memory_win.cc(73)] ReadMemory at 0x1d5b04a57a0 of 132 bytes failed: Only part of a ReadProcessMemory or WriteProcessMemory request was completed. (0x12B)
[0820/004731.604:ERROR:process_memory_win.cc(73)] ReadMemory at 0x1d5b04a5910 of 132 bytes failed: Only part of a ReadProcessMemory or WriteProcessMemory request was completed. (0x12B)
[0820/004731.604:ERROR:process_memory_win.cc(73)] ReadMemory at 0x1d5b04a5ba0 of 132 bytes failed: Only part of a ReadProcessMemory or WriteProcessMemory request was completed. (0x12B)
[0820/004731.604:ERROR:process_memory_win.cc(73)] ReadMemory at 0x1d5b04a5d30 of 68 bytes failed: Only part of a ReadProcessMemory or WriteProcessMemory request was completed. (0x12B)
[0820/004731.604:ERROR:process_memory_win.cc(73)] ReadMemory at 0x1d5b04a6c00 of 132 bytes failed: Only part of a ReadProcessMemory or WriteProcessMemory request was completed. (0x12B)
[0820/004731.604:ERROR:process_memory_win.cc(73)] ReadMemory at 0x1d5b04a6d90 of 154 bytes failed: Only part of a ReadProcessMemory or WriteProcessMemory request was completed. (0x12B)
[0820/004731.604:ERROR:process_memory_win.cc(73)] ReadMemory at 0x1d5b04a8510 of 132 bytes failed: Only part of a ReadProcessMemory or WriteProcessMemory request was completed. (0x12B)
[0820/004731.604:ERROR:process_memory_win.cc(73)] ReadMemory at 0x1d5b04a97e0 of 62 bytes failed: Only part of a ReadProcessMemory or WriteProcessMemory request was completed. (0x12B)
[0820/004731.604:ERROR:process_memory_win.cc(73)] ReadMemory at 0x1d5b04a9940 of 132 bytes failed: Only part of a ReadProcessMemory or WriteProcessMemory request was completed. (0x12B)
[0820/004731.604:ERROR:process_memory_win.cc(73)] ReadMemory at 0x1d5b04a9ad0 of 60 bytes failed: Only part of a ReadProcessMemory or WriteProcessMemory request was completed. (0x12B)
[0820/004731.604:ERROR:process_memory_win.cc(73)] ReadMemory at 0x1d5b04acdd0 of 132 bytes failed: Only part of a ReadProcessMemory or WriteProcessMemory request was completed. (0x12B)
[0820/004731.604:ERROR:process_memory_win.cc(73)] ReadMemory at 0x1d5b04acf00 of 132 bytes failed: Only part of a ReadProcessMemory or WriteProcessMemory request was completed. (0x12B)
[0820/004731.604:ERROR:process_memory_win.cc(73)] ReadMemory at 0x1d5b04ad090 of 80 bytes failed: Only part of a ReadProcessMemory or WriteProcessMemory request was completed. (0x12B)
[0820/004731.604:ERROR:process_memory_win.cc(73)] ReadMemory at 0x1d5b04ad0f0 of 158 bytes failed: Only part of a ReadProcessMemory or WriteProcessMemory request was completed. (0x12B)
[0820/004731.819:ERROR:process_memory_win.cc(73)] ReadMemory at 0x1d5b04ad230 of 62 bytes failed: Only part of a ReadProcessMemory or WriteProcessMemory request was completed. (0x12B)
[0820/004731.819:ERROR:process_memory_win.cc(73)] ReadMemory at 0x1d5b04ad280 of 60 bytes failed: Only part of a ReadProcessMemory or WriteProcessMemory request was completed. (0x12B)
[0820/004731.819:ERROR:process_memory_win.cc(73)] ReadMemory at 0x1d5b04ad320 of 66 bytes failed: Only part of a ReadProcessMemory or WriteProcessMemory request was completed. (0x12B)
[0820/004731.819:ERROR:process_memory_win.cc(73)] ReadMemory at 0x1d5b04ad370 of 64 bytes failed: Only part of a ReadProcessMemory or WriteProcessMemory request was completed. (0x12B)
[0820/004731.819:ERROR:process_memory_win.cc(73)] ReadMemory at 0x1d5b04ad3c0 of 60 bytes failed: Only part of a ReadProcessMemory or WriteProcessMemory request was completed. (0x12B)
[0820/004731.819:ERROR:process_memory_win.cc(73)] ReadMemory at 0x1d5b04ad410 of 64 bytes failed: Only part of a ReadProcessMemory or WriteProcessMemory request was completed. (0x12B)
[0820/004731.819:ERROR:process_memory_win.cc(73)] ReadMemory at 0x1d5b04ad4b0 of 64 bytes failed: Only part of a ReadProcessMemory or WriteProcessMemory request was completed. (0x12B)
[0820/004731.820:ERROR:process_memory_win.cc(73)] ReadMemory at 0x1d5b04ad500 of 66 bytes failed: Only part of a ReadProcessMemory or WriteProcessMemory request was completed. (0x12B)
[0820/004731.820:ERROR:process_memory_win.cc(73)] ReadMemory at 0x1d5b04ad550 of 58 bytes failed: Only part of a ReadProcessMemory or WriteProcessMemory request was completed. (0x12B)
[0820/004731.820:ERROR:process_memory_win.cc(73)] ReadMemory at 0x1d5b04ad5a0 of 62 bytes failed: Only part of a ReadProcessMemory or WriteProcessMemory request was completed. (0x12B)
[0820/004731.820:ERROR:process_memory_win.cc(73)] ReadMemory at 0x1d5b04ad640 of 60 bytes failed: Only part of a ReadProcessMemory or WriteProcessMemory request was completed. (0x12B)
[0820/004731.820:ERROR:process_memory_win.cc(73)] ReadMemory at 0x1d5b04ad690 of 60 bytes failed: Only part of a ReadProcessMemory or WriteProcessMemory request was completed. (0x12B)
[0820/004731.820:ERROR:process_memory_win.cc(73)] ReadMemory at 0x1d5b04ad6e0 of 64 bytes failed: Only part of a ReadProcessMemory or WriteProcessMemory request was completed. (0x12B)
[0820/004731.821:ERROR:process_memory_win.cc(73)] ReadMemory at 0x1d5b04ad730 of 64 bytes failed: Only part of a ReadProcessMemory or WriteProcessMemory request was completed. (0x12B)
[0820/004731.821:ERROR:process_memory_win.cc(73)] ReadMemory at 0x1d5b04ad780 of 62 bytes failed: Only part of a ReadProcessMemory or WriteProcessMemory request was completed. (0x12B)
[0820/004731.821:ERROR:process_memory_win.cc(73)] ReadMemory at 0x1d5b04ad820 of 58 bytes failed: Only part of a ReadProcessMemory or WriteProcessMemory request was completed. (0x12B)
[0820/004731.821:ERROR:process_memory_win.cc(73)] ReadMemory at 0x1d5b04ad870 of 60 bytes failed: Only part of a ReadProcessMemory or WriteProcessMemory request was completed. (0x12B)
[0820/004731.822:ERROR:process_memory_win.cc(73)] ReadMemory at 0x1d5b04ad8c0 of 60 bytes failed: Only part of a ReadProcessMemory or WriteProcessMemory request was completed. (0x12B)
[0820/004731.822:ERROR:process_memory_win.cc(73)] ReadMemory at 0x1d5b04ad910 of 62 bytes failed: Only part of a ReadProcessMemory or WriteProcessMemory request was completed. (0x12B)
[0820/004731.822:ERROR:process_memory_win.cc(73)] ReadMemory at 0x1d5b04ad960 of 62 bytes failed: Only part of a ReadProcessMemory or WriteProcessMemory request was completed. (0x12B)
[0820/004731.822:ERROR:process_memory_win.cc(73)] ReadMemory at 0x1d5b04b13d0 of 54 bytes failed: Only part of a ReadProcessMemory or WriteProcessMemory request was completed. (0x12B)
[0820/004731.822:ERROR:process_memory_win.cc(73)] ReadMemory at 0x1d5b04b33c0 of 132 bytes failed: Only part of a ReadProcessMemory or WriteProcessMemory request was completed. (0x12B)
[0820/004731.822:ERROR:process_memory_win.cc(73)] ReadMemory at 0x1d5b04b3d20 of 132 bytes failed: Only part of a ReadProcessMemory or WriteProcessMemory request was completed. (0x12B)
[0820/004731.823:ERROR:process_memory_win.cc(73)] ReadMemory at 0x1d5b04b5300 of 132 bytes failed: Only part of a ReadProcessMemory or WriteProcessMemory request was completed. (0x12B)
[0820/004731.823:ERROR:process_memory_win.cc(73)] ReadMemory at 0x1d5b04b65f0 of 132 bytes failed: Only part of a ReadProcessMemory or WriteProcessMemory request was completed. (0x12B)
[0820/004731.823:ERROR:process_memory_win.cc(73)] ReadMemory at 0x1d5b04b6720 of 132 bytes failed: Only part of a ReadProcessMemory or WriteProcessMemory request was completed. (0x12B)
[0820/004731.823:ERROR:process_memory_win.cc(73)] ReadMemory at 0x1d5b04b6850 of 132 bytes failed: Only part of a ReadProcessMemory or WriteProcessMemory request was completed. (0x12B)
[0820/004731.824:ERROR:process_memory_win.cc(73)] ReadMemory at 0x1d5b04b8fa0 of 512 bytes failed: Only part of a ReadProcessMemory or WriteProcessMemory request was completed. (0x12B)
[0820/004731.824:ERROR:process_memory_win.cc(73)] ReadMemory at 0x1d5b04ba420 of 132 bytes failed: Only part of a ReadProcessMemory or WriteProcessMemory request was completed. (0x12B)
[0820/004731.824:ERROR:process_memory_win.cc(73)] ReadMemory at 0x1d5b04ba550 of 132 bytes failed: Only part of a ReadProcessMemory or WriteProcessMemory request was completed. (0x12B)
[0820/004731.824:ERROR:process_memory_win.cc(73)] ReadMemory at 0x1d5b04ba680 of 132 bytes failed: Only part of a ReadProcessMemory or WriteProcessMemory request was completed. (0x12B)
[0820/004731.824:ERROR:process_memory_win.cc(73)] ReadMemory at 0x1d5b04ba7b0 of 132 bytes failed: Only part of a ReadProcessMemory or WriteProcessMemory request was completed. (0x12B)
[0820/004731.824:ERROR:process_memory_win.cc(73)] ReadMemory at 0x1d5b04ba8e0 of 132 bytes failed: Only part of a ReadProcessMemory or WriteProcessMemory request was completed. (0x12B)
[0820/004731.825:ERROR:process_memory_win.cc(73)] ReadMemory at 0x1d5b04baa10 of 132 bytes failed: Only part of a ReadProcessMemory or WriteProcessMemory request was completed. (0x12B)
[0820/004731.825:ERROR:process_memory_win.cc(73)] ReadMemory at 0x1d5b04bab40 of 132 bytes failed: Only part of a ReadProcessMemory or WriteProcessMemory request was completed. (0x12B)
[0820/004731.825:ERROR:process_memory_win.cc(73)] ReadMemory at 0x1d5b04bac70 of 132 bytes failed: Only part of a ReadProcessMemory or WriteProcessMemory request was completed. (0x12B)
[0820/004731.825:ERROR:process_memory_win.cc(73)] ReadMemory at 0x1d5b04bada0 of 132 bytes failed: Only part of a ReadProcessMemory or WriteProcessMemory request was completed. (0x12B)
[0820/004731.825:ERROR:process_memory_win.cc(73)] ReadMemory at 0x1d5b04baed0 of 132 bytes failed: Only part of a ReadProcessMemory or WriteProcessMemory request was completed. (0x12B)
[0820/004731.825:ERROR:process_memory_win.cc(73)] ReadMemory at 0x1d5b04bb130 of 132 bytes failed: Only part of a ReadProcessMemory or WriteProcessMemory request was completed. (0x12B)
[0820/004731.826:ERROR:process_memory_win.cc(73)] ReadMemory at 0x1d5b04bb260 of 132 bytes failed: Only part of a ReadProcessMemory or WriteProcessMemory request was completed. (0x12B)
[0820/004731.826:ERROR:process_memory_win.cc(73)] ReadMemory at 0x1d5b04bb910 of 76 bytes failed: Only part of a ReadProcessMemory or WriteProcessMemory request was completed. (0x12B)
[0820/004731.826:ERROR:process_memory_win.cc(73)] ReadMemory at 0x1d5b04bc440 of 132 bytes failed: Only part of a ReadProcessMemory or WriteProcessMemory request was completed. (0x12B)
[0820/004731.826:ERROR:process_memory_win.cc(73)] ReadMemory at 0x1d5b04bc570 of 132 bytes failed: Only part of a ReadProcessMemory or WriteProcessMemory request was completed. (0x12B)
[0820/004731.826:ERROR:process_memory_win.cc(73)] ReadMemory at 0x1d5b04bc7d0 of 132 bytes failed: Only part of a ReadProcessMemory or WriteProcessMemory request was completed. (0x12B)
[0820/004731.826:ERROR:process_memory_win.cc(73)] ReadMemory at 0x1d5b04bca30 of 132 bytes failed: Only part of a ReadProcessMemory or WriteProcessMemory request was completed. (0x12B)
[0820/004731.827:ERROR:process_memory_win.cc(73)] ReadMemory at 0x1d5b04bcb60 of 132 bytes failed: Only part of a ReadProcessMemory or WriteProcessMemory request was completed. (0x12B)
[0820/004731.827:ERROR:process_memory_win.cc(73)] ReadMemory at 0x1d5b04bd3b0 of 132 bytes failed: Only part of a ReadProcessMemory or WriteProcessMemory request was completed. (0x12B)
[0820/004731.827:ERROR:process_memory_win.cc(73)] ReadMemory at 0x1d5b04bd610 of 132 bytes failed: Only part of a ReadProcessMemory or WriteProcessMemory request was completed. (0x12B)
[0820/004731.827:ERROR:process_memory_win.cc(73)] ReadMemory at 0x1d5b04bd740 of 132 bytes failed: Only part of a ReadProcessMemory or WriteProcessMemory request was completed. (0x12B)
[0820/004731.827:ERROR:process_memory_win.cc(73)] ReadMemory at 0x1d5b04bd9a0 of 132 bytes failed: Only part of a ReadProcessMemory or WriteProcessMemory request was completed. (0x12B)
[0820/004731.827:ERROR:process_memory_win.cc(73)] ReadMemory at 0x1d5b04bdc00 of 132 bytes failed: Only part of a ReadProcessMemory or WriteProcessMemory request was completed. (0x12B)
[0820/004731.828:ERROR:process_memory_win.cc(73)] ReadMemory at 0x1d5b04bdd30 of 132 bytes failed: Only part of a ReadProcessMemory or WriteProcessMemory request was completed. (0x12B)
[0820/004731.828:ERROR:process_memory_win.cc(73)] ReadMemory at 0x1d5b04bde60 of 132 bytes failed: Only part of a ReadProcessMemory or WriteProcessMemory request was completed. (0x12B)
[0820/004731.828:ERROR:process_memory_win.cc(73)] ReadMemory at 0x1d5b04be0c0 of 132 bytes failed: Only part of a ReadProcessMemory or WriteProcessMemory request was completed. (0x12B)
[0820/004731.828:ERROR:process_memory_win.cc(73)] ReadMemory at 0x1d5b04be1f0 of 132 bytes failed: Only part of a ReadProcessMemory or WriteProcessMemory request was completed. (0x12B)
[0820/004731.828:ERROR:process_memory_win.cc(73)] ReadMemory at 0x1d5b04c0460 of 60 bytes failed: Only part of a ReadProcessMemory or WriteProcessMemory request was completed. (0x12B)
[0820/004731.829:ERROR:process_memory_win.cc(73)] ReadMemory at 0x1d5b04c06e0 of 64 bytes failed: Only part of a ReadProcessMemory or WriteProcessMemory request was completed. (0x12B)
[0820/004731.829:ERROR:process_memory_win.cc(73)] ReadMemory at 0x1d5b04c0780 of 64 bytes failed: Only part of a ReadProcessMemory or WriteProcessMemory request was completed. (0x12B)
[0820/004731.829:ERROR:process_memory_win.cc(73)] ReadMemory at 0x1d5b04c0820 of 58 bytes failed: Only part of a ReadProcessMemory or WriteProcessMemory request was completed. (0x12B)
[0820/004731.829:ERROR:process_memory_win.cc(73)] ReadMemory at 0x1d5b04c0910 of 60 bytes failed: Only part of a ReadProcessMemory or WriteProcessMemory request was completed. (0x12B)
[0820/004731.829:ERROR:process_memory_win.cc(73)] ReadMemory at 0x1d5b04c0a00 of 66 bytes failed: Only part of a ReadProcessMemory or WriteProcessMemory request was completed. (0x12B)
[0820/004731.829:ERROR:process_memory_win.cc(73)] ReadMemory at 0x1d5b04c0af0 of 62 bytes failed: Only part of a ReadProcessMemory or WriteProcessMemory request was completed. (0x12B)
[0820/004731.829:ERROR:process_memory_win.cc(73)] ReadMemory at 0x1d5b04c0b40 of 64 bytes failed: Only part of a ReadProcessMemory or WriteProcessMemory request was completed. (0x12B)
[0820/004731.830:ERROR:process_memory_win.cc(73)] ReadMemory at 0x1d5b04c0b90 of 62 bytes failed: Only part of a ReadProcessMemory or WriteProcessMemory request was completed. (0x12B)
[0820/004731.830:ERROR:process_memory_win.cc(73)] ReadMemory at 0x1d5b04c0be0 of 62 bytes failed: Only part of a ReadProcessMemory or WriteProcessMemory request was completed. (0x12B)
[0820/004731.830:ERROR:process_memory_win.cc(73)] ReadMemory at 0x1d5b04c0c30 of 62 bytes failed: Only part of a ReadProcessMemory or WriteProcessMemory request was completed. (0x12B)
[0820/004731.830:ERROR:process_memory_win.cc(73)] ReadMemory at 0x1d5b04c0eb0 of 62 bytes failed: Only part of a ReadProcessMemory or WriteProcessMemory request was completed. (0x12B)
[0820/004731.830:ERROR:process_memory_win.cc(73)] ReadMemory at 0x1d5b04d4330 of 512 bytes failed: Only part of a ReadProcessMemory or WriteProcessMemory request was completed. (0x12B)
[0820/004731.830:ERROR:process_memory_win.cc(73)] ReadMemory at 0x1d5b04d57c0 of 512 bytes failed: Only part of a ReadProcessMemory or WriteProcessMemory request was completed. (0x12B)
[0820/004731.831:ERROR:process_memory_win.cc(73)] ReadMemory at 0x1d5b07e3760 of 512 bytes failed: Only part of a ReadProcessMemory or WriteProcessMemory request was completed. (0x12B)
[0820/004731.831:ERROR:process_memory_win.cc(73)] ReadMemory at 0x1d5b08270d0 of 512 bytes failed: Only part of a ReadProcessMemory or WriteProcessMemory request was completed. (0x12B)
[0820/004731.831:ERROR:process_memory_win.cc(73)] ReadMemory at 0x1d5b0832450 of 512 bytes failed: Only part of a ReadProcessMemory or WriteProcessMemory request was completed. (0x12B)
[0820/004731.831:ERROR:process_memory_win.cc(73)] ReadMemory at 0x1d5b083aed0 of 512 bytes failed: Only part of a ReadProcessMemory or WriteProcessMemory request was completed. (0x12B)
[0820/004731.831:ERROR:process_memory_win.cc(73)] ReadMemory at 0x1d5b0840f20 of 512 bytes failed: Only part of a ReadProcessMemory or WriteProcessMemory request was completed. (0x12B)
[0820/004731.831:ERROR:process_memory_win.cc(73)] ReadMemory at 0x1d5b0858850 of 800 bytes failed: Only part of a ReadProcessMemory or WriteProcessMemory request was completed. (0x12B)
[0820/004731.832:ERROR:process_memory_win.cc(73)] ReadMemory at 0x1d5b08712d0 of 512 bytes failed: Only part of a ReadProcessMemory or WriteProcessMemory request was completed. (0x12B)
[0820/004731.832:ERROR:process_memory_win.cc(73)] ReadMemory at 0x1d5b0876e78 of 512 bytes failed: Only part of a ReadProcessMemory or WriteProcessMemory request was completed. (0x12B)
[0820/004731.832:ERROR:process_memory_win.cc(73)] ReadMemory at 0x1d5b0877538 of 944 bytes failed: Only part of a ReadProcessMemory or WriteProcessMemory request was completed. (0x12B)
[0820/004731.832:ERROR:process_memory_win.cc(73)] ReadMemory at 0x1d5b087c160 of 512 bytes failed: Only part of a ReadProcessMemory or WriteProcessMemory request was completed. (0x12B)
[0820/004731.832:ERROR:process_memory_win.cc(73)] ReadMemory at 0x1d5b28bf210 of 512 bytes failed: Only part of a ReadProcessMemory or WriteProcessMemory request was completed. (0x12B)
[0820/004731.833:ERROR:process_memory_win.cc(73)] ReadMemory at 0x1d5b294a450 of 608 bytes failed: Only part of a ReadProcessMemory or WriteProcessMemory request was completed. (0x12B)
[0820/004731.833:ERROR:process_memory_win.cc(73)] ReadMemory at 0x1d5b294ac30 of 512 bytes failed: Only part of a ReadProcessMemory or WriteProcessMemory request was completed. (0x12B)
[0820/004731.833:ERROR:process_memory_win.cc(73)] ReadMemory at 0x1d5b2a28b81 of 512 bytes failed: Only part of a ReadProcessMemory or WriteProcessMemory request was completed. (0x12B)
[0820/004731.833:ERROR:process_memory_win.cc(73)] ReadMemory at 0x1d5b3733370 of 512 bytes failed: Only part of a ReadProcessMemory or WriteProcessMemory request was completed. (0x12B)
[0820/004731.833:ERROR:process_memory_win.cc(73)] ReadMemory at 0x1d5b3dbf6a0 of 512 bytes failed: Only part of a ReadProcessMemory or WriteProcessMemory request was completed. (0x12B)
[0820/004731.834:ERROR:process_memory_win.cc(73)] ReadMemory at 0x1d5b3e8de40 of 512 bytes failed: Only part of a ReadProcessMemory or WriteProcessMemory request was completed. (0x12B)
[0820/004731.834:ERROR:process_memory_win.cc(73)] ReadMemory at 0x1d5b46ddf3c of 512 bytes failed: Only part of a ReadProcessMemory or WriteProcessMemory request was completed. (0x12B)
[0820/004731.834:ERROR:process_memory_win.cc(73)] ReadMemory at 0x1d5b66d996c of 512 bytes failed: Only part of a ReadProcessMemory or WriteProcessMemory request was completed. (0x12B)
[0820/004731.834:ERROR:process_memory_win.cc(73)] ReadMemory at 0x1d5b8baa2c0 of 512 bytes failed: Only part of a ReadProcessMemory or WriteProcessMemory request was completed. (0x12B)
[0820/004731.836:ERROR:process_memory_win.cc(73)] ReadMemory at 0x1ecb99fd3eb1 of 688 bytes failed: Only part of a ReadProcessMemory or WriteProcessMemory request was completed. (0x12B)
[0820/004732.252:ERROR:process_memory_win.cc(73)] ReadMemory at 0x58377d1280b8 of 512 bytes failed: Only part of a ReadProcessMemory or WriteProcessMemory request was completed. (0x12B)
[0820/004732.253:ERROR:process_memory_win.cc(73)] ReadMemory at 0x735b00cc0ba1 of 512 bytes failed: Only part of a ReadProcessMemory or WriteProcessMemory request was completed. (0x12B)
[0820/004732.253:ERROR:process_memory_win.cc(73)] ReadMemory at 0x7ffbad874074 of 512 bytes failed: Only part of a ReadProcessMemory or WriteProcessMemory request was completed. (0x12B)
[0820/004732.253:ERROR:process_memory_win.cc(73)] ReadMemory at 0x7ffbce36580a of 512 bytes failed: Only part of a ReadProcessMemory or WriteProcessMemory request was completed. (0x12B)
[0820/004732.253:ERROR:process_memory_win.cc(73)] ReadMemory at 0x7ffbce366061 of 512 bytes failed: Only part of a ReadProcessMemory or WriteProcessMemory request was completed. (0x12B)
[0820/004732.254:ERROR:process_memory_win.cc(73)] ReadMemory at 0x7ffbfebb0e00 of 512 bytes failed: Only part of a ReadProcessMemory or WriteProcessMemory request was completed. (0x12B)
[0820/004732.254:ERROR:process_memory_win.cc(73)] ReadMemory at 0x7ffc008e79f0 of 512 bytes failed: Only part of a ReadProcessMemory or WriteProcessMemory request was completed. (0x12B)
[0820/004732.254:ERROR:process_memory_win.cc(73)] ReadMemory at 0x7ffc008e82e0 of 512 bytes failed: Only part of a ReadProcessMemory or WriteProcessMemory request was completed. (0x12B)
[0820/004732.255:ERROR:process_memory_win.cc(73)] ReadMemory at 0x7ffc008ea0d0 of 512 bytes failed: Only part of a ReadProcessMemory or WriteProcessMemory request was completed. (0x12B)
[0820/004732.255:ERROR:process_memory_win.cc(73)] ReadMemory at 0x7ffc0095a9a4 of 672 bytes failed: Only part of a ReadProcessMemory or WriteProcessMemory request was completed. (0x12B)
[0820/004732.255:ERROR:process_memory_win.cc(73)] ReadMemory at 0x7ffc0095b474 of 512 bytes failed: Only part of a ReadProcessMemory or WriteProcessMemory request was completed. (0x12B)
[0820/004732.255:ERROR:process_memory_win.cc(73)] ReadMemory at 0x7ffc0095e214 of 608 bytes failed: Only part of a ReadProcessMemory or WriteProcessMemory request was completed. (0x12B)
[0820/004732.256:ERROR:process_memory_win.cc(73)] ReadMemory at 0x7ffc009e01e0 of 18 bytes failed: Only part of a ReadProcessMemory or WriteProcessMemory request was completed. (0x12B)
[0820/004732.256:ERROR:process_memory_win.cc(73)] ReadMemory at 0x7ffc00a165b0 of 40 bytes failed: Only part of a ReadProcessMemory or WriteProcessMemory request was completed. (0x12B)
[0820/004732.256:ERROR:process_memory_win.cc(73)] ReadMemory at 0x7ffc00a16a08 of 48 bytes failed: Only part of a ReadProcessMemory or WriteProcessMemory request was completed. (0x12B)
[0820/004732.257:ERROR:process_memory_win.cc(73)] ReadMemory at 0x7ffc00a1c360 of 64 bytes failed: Only part of a ReadProcessMemory or WriteProcessMemory request was completed. (0x12B)
[0820/004732.267:ERROR:scoped_process_suspend.cc(40)] NtResumeProcess: An attempt was made to access an exiting process. (0xc000010a)
